<?xml version="1.0" encoding="UTF-8"?>
<!-- Generated by org.testng.reporters.JUnitXMLReporter -->
<testsuite ignored="0" hostname="LAPTOP-RO130BG1" failures="0" tests="4" name="Test" time="0.081" errors="0" timestamp="2023-09-01T03:29:42 IST">
  <testcase classname="mytest.FirstTest" name="register" time="0.009"/>
  <testcase classname="mytest.FirstTest" name="login" time="0.002"/>
  <testcase classname="mytest.FirstTest" name="add" time="0.001"/>
  <testcase classname="mytest.FirstTest" name="cancel" time="0.001"/>
</testsuite> <!-- Test -->
