<?xml version="1.0" encoding="UTF-8"?>
<testng-results ignored="0" total="1" passed="1" failed="0" skipped="0">
  <reporter-output>
  </reporter-output>
  <suite started-at="2023-09-11T10:46:36 IST" name="Default suite" finished-at="2023-09-11T10:46:41 IST" duration-ms="4895">
    <groups>
    </groups>
    <test started-at="2023-09-11T10:46:36 IST" name="Default test" finished-at="2023-09-11T10:46:41 IST" duration-ms="4895">
      <class name="mytest.HtmlTable">
        <test-method is-config="true" signature="beforeTest()[pri:0, instance:mytest.HtmlTable@2a693f59]" started-at="2023-09-11T10:46:36 IST" name="beforeTest" finished-at="2023-09-11T10:46:40 IST" duration-ms="4126" status="PASS">
          <reporter-output>
          </reporter-output>
        </test-method> <!-- beforeTest -->
        <test-method signature="verifyElementIsPresent()[pri:2, instance:mytest.HtmlTable@2a693f59]" started-at="2023-09-11T10:46:40 IST" name="verifyElementIsPresent" finished-at="2023-09-11T10:46:41 IST" duration-ms="610" status="PASS">
          <reporter-output>
          </reporter-output>
        </test-method> <!-- verifyElementIsPresent -->
        <test-method is-config="true" signature="afterTest()[pri:0, instance:mytest.HtmlTable@2a693f59]" started-at="2023-09-11T10:46:41 IST" name="afterTest" finished-at="2023-09-11T10:46:41 IST" duration-ms="110" status="PASS">
          <reporter-output>
          </reporter-output>
        </test-method> <!-- afterTest -->
      </class> <!-- mytest.HtmlTable -->
    </test> <!-- Default test -->
  </suite> <!-- Default suite -->
</testng-results>
