<?xml version="1.0" encoding="UTF-8"?>
<!-- Generated by org.testng.reporters.JUnitXMLReporter -->
<testsuite ignored="2" hostname="LAPTOP-RO130BG1" failures="0" tests="1" name="Default test" time="4.895" errors="0" timestamp="2023-09-11T10:46:41 IST">
  <testcase classname="mytest.HtmlTable" name="verifyElementIsPresent" time="0.61"/>
  <testcase classname="mytest.HtmlTable" name="getTableHeader" time="0.0">
    <ignored/>
  </testcase> <!-- getTableHeader -->
  <testcase classname="mytest.HtmlTable" name="tableGetData" time="0.0">
    <ignored/>
  </testcase> <!-- tableGetData -->
</testsuite> <!-- Default test -->
